Build started 04/03/2014 00:19:52.
     1>Project "C:\Users\Ascetic\Desktop\ard2max\PD extern\asctArd2PD\visual_studio\asctArdtoPD.vcxproj" on node 2 (Build target(s)).
     1>CustomBuild:
         Building Custom Rule C:/Users/Ascetic/Desktop/ard2max/PD extern/asctArd2PD/visual_studio/CMakeLists.txt
         CMake does not need to re-run because C:\Users\Ascetic\Desktop\ard2max\PD extern\asctArd2PD\visual_studio\CMakeFiles\generate.stamp is up-to-date.
       ClCompile:
         C:\Program Files (x86)\Microsoft Visual Studio 11.0\VC\bin\CL.exe /c /I"C:\Program Files (x86)\pd\include" /nologo /W3 /WX- /O2 /Ob2 /Oy- /D WIN32 /D _WINDOWS /D NDEBUG /D MSW /D "CMAKE_INTDIR=\"Release\"" /D asctArdtoPD_EXPORTS /D _WINDLL /D _MBCS /Gm- /MD /GS /fp:precise /Zc:wchar_t /Zc:forScope /Fo"asctArdtoPD.dir\Release\\" /Fd"asctArdtoPD.dir\Release\vc110.pdb" /Gd /TC /analyze- /errorReport:prompt asctArdtoPD.c
         asctArdtoPD.c
     1>asctArdtoPD.c(116): warning C4996: 'sprintf': This function or variable may be unsafe. Consider using sprintf_s instead. To disable deprecation, use _CRT_SECURE_NO_WARNINGS. See online help for details.
                 C:\Program Files (x86)\Microsoft Visual Studio 11.0\VC\include\stdio.h(357) : see declaration of 'sprintf'
     1>asctArdtoPD.c(157): warning C4996: 'sprintf': This function or variable may be unsafe. Consider using sprintf_s instead. To disable deprecation, use _CRT_SECURE_NO_WARNINGS. See online help for details.
                 C:\Program Files (x86)\Microsoft Visual Studio 11.0\VC\include\stdio.h(357) : see declaration of 'sprintf'
     1>asctArdtoPD.c(160): warning C4996: 'sprintf': This function or variable may be unsafe. Consider using sprintf_s instead. To disable deprecation, use _CRT_SECURE_NO_WARNINGS. See online help for details.
                 C:\Program Files (x86)\Microsoft Visual Studio 11.0\VC\include\stdio.h(357) : see declaration of 'sprintf'
       Link:
         C:\Program Files (x86)\Microsoft Visual Studio 11.0\VC\bin\link.exe /ERRORREPORT:PROMPT /OUT:"C:\Users\Ascetic\Desktop\ard2max\PD extern\asctArd2PD\visual_studio\Release\asctArdtoPD.dll" /INCREMENTAL:NO /NOLOGO /LIBPATH:"C:/Program Files (x86)/pd/bin" /LIBPATH:"C:/Program Files (x86)/pd/bin/Release" kernel32.lib user32.lib gdi32.lib winspool.lib shell32.lib ole32.lib oleaut32.lib uuid.lib comdlg32.lib advapi32.lib pd.lib /DEF:"C:/Users/Ascetic/Desktop/ard2max/PD extern/asctArd2PD/visual_studio/asctArdtoPD.def" /MANIFEST /MANIFESTUAC:"level='asInvoker' uiAccess='false'" /manifest:embed /PDB:"C:/Users/Ascetic/Desktop/ard2max/PD extern/asctArd2PD/visual_studio/Release/asctArdtoPD.pdb" /SUBSYSTEM:CONSOLE /TLBID:1 /DYNAMICBASE /NXCOMPAT /IMPLIB:"C:/Users/Ascetic/Desktop/ard2max/PD extern/asctArd2PD/visual_studio/Release/asctArdtoPD.lib" /MACHINE:X86 /SAFESEH  /machine:X86 /DLL asctArdtoPD.dir\Release\asctArdtoPD.obj
            Creating library C:/Users/Ascetic/Desktop/ard2max/PD extern/asctArd2PD/visual_studio/Release/asctArdtoPD.lib and object C:/Users/Ascetic/Desktop/ard2max/PD extern/asctArd2PD/visual_studio/Release/asctArdtoPD.exp
         asctArdtoPD.vcxproj -> C:\Users\Ascetic\Desktop\ard2max\PD extern\asctArd2PD\visual_studio\Release\asctArdtoPD.dll
     1>Done Building Project "C:\Users\Ascetic\Desktop\ard2max\PD extern\asctArd2PD\visual_studio\asctArdtoPD.vcxproj" (Build target(s)).

Build succeeded.

Time Elapsed 00:00:00.39
